
****************************************
Report : clock_gating
Design : switch_4port
Version: V-2023.12-SP3
Date   : Tue Jan 20 20:52:45 2026
****************************************


                             Clock Gating Summary
          ------------------------------------------------------------------
          |  Number of Clock gating elements         |            52       |
          |                                          |                     |
          |  Number of Tool-Inserted Clock gates     |        52 (100.00%) |
          |                                          |                     |
          |  Number of Pre-Existing Clock gates      |         0   (0.00%) |
          |                                          |                     |
          |  Number of Gated registers               |       616  (98.09%) |
          |                                          |                     |
          |  Number of Tool-Inserted Gated registers |       616  (98.09%) |
          |                                          |                     |
          |  Number of Pre-Existing Gated registers  |         0   (0.00%) |
          |                                          |                     |
          |  Number of Ungated registers             |        12   (1.91%) |
          |                                          |                     |
          |  Total number of registers               |           628       |
          |                                          |                     |
          |  Max number of Clock Gate Levels         |             1       |
          ------------------------------------------------------------------


1
