****************************************
Report : power
        -hier
        -significant_digits 2
Design : switch_4port
Version: V-2023.12-SP3
Date   : Tue Jan 20 20:52:44 2026
****************************************
Information: Activity propagation will be performed for scenario FUNC_Fast.
Information: Doing activity propagation for mode 'FUNC' and corner 'Fast' with effort level 'medium'. (POW-024)
Information: Timer-derived activity data is cached on scenario FUNC_Fast (POW-052)
Infomation: Fast mode activity propagation power.rtl_activity_annotation setup is ignored. Always use accurate mode.
Information: Running switching activity propagation with 4 threads!

 **** Information : No. of simulation cycles = 6 ****
Mode: FUNC
Corner: Fast
Scenario: FUNC_Fast
Voltage: 0.75
Temperature: 125.00

Voltage Unit         : 1V
Capacitance Unit     : 1fF
Time Unit            : 1ns
Temperature Unit     : 1C
Dynamic Power Unit   : 1pW
Leakage Power Unit   : 1pW

Switched supply net power scaling:
scaling for leakage power

Supply nets:
VDD (power) probability 1.00 (default)
VSS (ground) probability 1.00 (default)
Warning: Power table extrapolation (extrapolation mode) for port D on cell gen_ports[0].port_inst/my_fifo/mem_reg[0][13] for parameter Tinp. Lowest table value = inf, highest table value = inf, value = 0.000057 (POW-046)
Warning: Power table extrapolation (extrapolation mode) for port CLK on cell gen_ports[0].port_inst/my_fifo/mem_reg[0][13] for parameter Tinp. Lowest table value = 0.016000, highest table value = 1.024000, value = 0.000000 (POW-046)
Warning: Power table extrapolation (extrapolation mode) for port Q on cell gen_ports[0].port_inst/my_fifo/mem_reg[0][13] for parameter Tinp. Lowest table value = 0.016000, highest table value = 1.024000, value = 0.000000 (POW-046)
Warning: Power table extrapolation (extrapolation mode) for port QN on cell gen_ports[0].port_inst/my_fifo/mem_reg[0][13] for parameter Tinp. Lowest table value = 0.016000, highest table value = 1.024000, value = 0.000000 (POW-046)
Warning: Power table extrapolation (extrapolation mode) for port QN on cell gen_ports[0].port_inst/my_fifo/mem_reg[0][13] for parameter Cout. Lowest table value = 0.000100, highest table value = 0.008000, value = 0.000000 (POW-046)
Warning: Power table extrapolation (extrapolation mode) for port D on cell gen_ports[0].port_inst/my_fifo/mem_reg[0][12] for parameter Tinp. Lowest table value = inf, highest table value = inf, value = 0.000095 (POW-046)
Warning: Power table extrapolation (extrapolation mode) for port CLK on cell gen_ports[0].port_inst/my_fifo/mem_reg[0][12] for parameter Tinp. Lowest table value = 0.016000, highest table value = 1.024000, value = 0.000000 (POW-046)
Warning: Power table extrapolation (extrapolation mode) for port Q on cell gen_ports[0].port_inst/my_fifo/mem_reg[0][12] for parameter Tinp. Lowest table value = 0.016000, highest table value = 1.024000, value = 0.000000 (POW-046)
Warning: Power table extrapolation (extrapolation mode) for port QN on cell gen_ports[0].port_inst/my_fifo/mem_reg[0][12] for parameter Tinp. Lowest table value = 0.016000, highest table value = 1.024000, value = 0.000000 (POW-046)
Warning: Power table extrapolation (extrapolation mode) for port QN on cell gen_ports[0].port_inst/my_fifo/mem_reg[0][12] for parameter Cout. Lowest table value = 0.000100, highest table value = 0.008000, value = 0.000000 (POW-046)


Hierarchy                                                  Internal Power        Switching Power          Leakage Power            Total Power       %
---------------------------------------------------------------------------------------------------------------------------------------------------------
switch_4port                                                     9.79e+07               8.60e+06               1.65e+08               2.71e+08    100.00
  gen_ports[0].port_inst (switch_port_00000004_00000004_00000008_0)
                                                                 2.36e+07               1.75e+06               3.80e+07               6.34e+07     23.38
    my_fifo (fifo_00000010_8_0)                                  1.46e+07               9.20e+05               3.36e+07               4.91e+07     77.51
  gen_ports[1].port_inst (switch_port_00000004_00000004_00000008_1)
                                                                 2.33e+07               1.72e+06               3.81e+07               6.32e+07     23.30
    my_fifo (fifo_00000010_8_1)                                  1.45e+07               9.02e+05               3.37e+07               4.90e+07     77.64
  gen_ports[2].port_inst (switch_port_00000004_00000004_00000008_2)
                                                                 2.33e+07               1.74e+06               3.81e+07               6.31e+07     23.26
    my_fifo (fifo_00000010_8_2)                                  1.45e+07               9.36e+05               3.36e+07               4.90e+07     77.75
  gen_ports[3].port_inst (switch_port_00000004_00000004_00000008)
                                                                 2.36e+07               1.78e+06               3.83e+07               6.37e+07     23.49
    my_fifo (fifo_00000010_8)                                    1.47e+07               9.42e+05               3.39e+07               4.95e+07     77.77
1
