****************************************
Report : qor
Design : switch_4port
Version: V-2023.12-SP3
Date   : Tue Jan 20 20:50:42 2026
****************************************


Scenario           'FUNC_Fast'
Timing Path Group  '**in2reg_default**'
----------------------------------------
Levels of Logic:                      8
Critical Path Length:              1.89
Critical Path Slack:               7.67
Critical Path Clk Period:         10.00
Total Negative Slack:              0.00
No. of Violating Paths:               0
Worst Hold Violation:              0.00
Total Hold Violation:              0.00
No. of Hold Violations:               0
----------------------------------------

Scenario           'FUNC_Fast'
Timing Path Group  '**reg2out_default**'
----------------------------------------
Levels of Logic:                      8
Critical Path Length:              1.78
Critical Path Slack:               7.87
Critical Path Clk Period:         10.00
Total Negative Slack:              0.00
No. of Violating Paths:               0
Worst Hold Violation:              0.00
Total Hold Violation:              0.00
No. of Hold Violations:               0
----------------------------------------

Scenario           'FUNC_Fast'
Timing Path Group  'clk'
----------------------------------------
Levels of Logic:                     13
Critical Path Length:              2.26
Critical Path Slack:               7.30
Critical Path Clk Period:         10.00
Total Negative Slack:              0.00
No. of Violating Paths:               0
Worst Hold Violation:              0.00
Total Hold Violation:              0.00
No. of Hold Violations:               0
----------------------------------------

Scenario           'FUNC_Slow'
Timing Path Group  '**in2reg_default**'
----------------------------------------
Levels of Logic:                      8
Critical Path Length:              1.92
Critical Path Slack:               7.64
Critical Path Clk Period:         10.00
Total Negative Slack:              0.00
No. of Violating Paths:               0
Worst Hold Violation:              0.00
Total Hold Violation:              0.00
No. of Hold Violations:               0
----------------------------------------

Scenario           'FUNC_Slow'
Timing Path Group  '**reg2out_default**'
----------------------------------------
Levels of Logic:                      8
Critical Path Length:              1.82
Critical Path Slack:               7.83
Critical Path Clk Period:         10.00
Total Negative Slack:              0.00
No. of Violating Paths:               0
Worst Hold Violation:              0.00
Total Hold Violation:              0.00
No. of Hold Violations:               0
----------------------------------------

Scenario           'FUNC_Slow'
Timing Path Group  'clk'
----------------------------------------
Levels of Logic:                     13
Critical Path Length:              2.31
Critical Path Slack:               7.25
Critical Path Clk Period:         10.00
Total Negative Slack:              0.00
No. of Violating Paths:               0
Worst Hold Violation:              0.00
Total Hold Violation:              0.00
No. of Hold Violations:               0
----------------------------------------


Cell Count
----------------------------------------
Hierarchical Cell Count:              8
Hierarchical Port Count:            341
Leaf Cell Count:                   2096
Buf/Inv Cell Count:                 216
Buf Cell Count:                     133
Inv Cell Count:                      83
Combinational Cell Count:          1468
   Single-bit Isolation Cell Count:                        0
   Multi-bit Isolation Cell Count:                         0
   Isolation Cell Banking Ratio:                           0.00%
   Single-bit Level Shifter Cell Count:                    0
   Multi-bit Level Shifter Cell Count:                     0
   Level Shifter Cell Banking Ratio:                       0.00%
   Single-bit ELS Cell Count:                              0
   Multi-bit ELS Cell Count:                               0
   ELS Cell Banking Ratio:                                 0.00%
Sequential Cell Count:              628
   Integrated Clock-Gating Cell Count:                     0
   Sequential Macro Cell Count:                            0
   Single-bit Sequential Cell Count:                       628
   Multi-bit Sequential Cell Count:                        0
   Sequential Cell Banking Ratio:                          0.00%
   BitsPerflop:                                            1.00
Macro Count:                          0
----------------------------------------


Area
----------------------------------------
Combinational Area:             3705.67
Noncombinational Area:          5432.07
Buf/Inv Area:                    387.32
Total Buffer Area:               280.83
Total Inverter Area:             106.49
Macro/Black Box Area:              0.00
Net Area:                             0
Net XLength:                   17094.70
Net YLength:                   16821.68
----------------------------------------
Cell Area (netlist):                           9137.75
Cell Area (netlist and physical only):         9137.75
Net Length:                    33916.38


Design Rules
----------------------------------------
Total Number of Nets:              2232
Nets with Violations:                 2
Max Trans Violations:                 0
Max Cap Violations:                   2
----------------------------------------

1
